<?xml version="1.0" encoding="UTF-8"?>
<!-- Generated by org.testng.reporters.JUnitXMLReporter -->
<testsuite ignored="4" hostname="MRINMOY" failures="0" tests="2" name="Test3" time="85.053" errors="0" timestamp="2022-03-17T18:17:17 IST">
  <testcase classname="com.crm.Autodesk.contact.CreateContactWithOrgTestNgTest" name="createContactWithOrg" time="43.852"/>
  <testcase classname="com.crm.organization.SelectHealthCareTestNGTest" name="selectHealthCare" time="14.771"/>
  <testcase classname="com.crm.autodesk.genericUtility.BaseClass" name="@BeforeTest bt" time="0.0">
    <ignored/>
  </testcase> <!-- @BeforeTest bt -->
  <testcase classname="com.crm.autodesk.genericUtility.BaseClass" name="@AfterSuite as" time="0.0">
    <ignored/>
  </testcase> <!-- @AfterSuite as -->
  <testcase classname="com.crm.autodesk.genericUtility.BaseClass" name="@BeforeSuite bs" time="0.0">
    <ignored/>
  </testcase> <!-- @BeforeSuite bs -->
  <testcase classname="com.crm.autodesk.genericUtility.BaseClass" name="@AfterTest at" time="0.0">
    <ignored/>
  </testcase> <!-- @AfterTest at -->
</testsuite> <!-- Test3 -->
