<?xml version="1.0" encoding="UTF-8"?>
<testng-results ignored="0" total="1" passed="1" failed="0" skipped="0">
  <reporter-output>
  </reporter-output>
  <suite started-at="2022-06-06T01:36:01 IST" name="Suite" finished-at="2022-06-06T01:36:01 IST" duration-ms="71">
    <groups>
    </groups>
    <test started-at="2022-06-06T01:36:01 IST" name="Test" finished-at="2022-06-06T01:36:01 IST" duration-ms="71">
      <class name="practice.FetchingValuesFromXml">
        <test-method signature="getValues(org.testng.xml.XmlTest)[pri:0, instance:practice.FetchingValuesFromXml@446293d]" started-at="2022-06-06T01:36:01 IST" name="getValues" finished-at="2022-06-06T01:36:01 IST" duration-ms="9" status="PASS">
          <params>
            <param index="0">
              <value>
                <![CDATA[org.testng.xml.XmlTest@ae9fdf80]]>
              </value>
            </param>
          </params>
          <reporter-output>
          </reporter-output>
        </test-method> <!-- getValues -->
      </class> <!-- practice.FetchingValuesFromXml -->
    </test> <!-- Test -->
  </suite> <!-- Suite -->
</testng-results>
